Base path: W:/Programs/Unity/Editor/Data
Pipe name: \\.\pipe\UnityShaderCompiler-64bit-1-728
Cmd: getPlatforms
Cmd: compileSnippet
  api=1 type=0 insize=10823 outsize=131 kw= pd= ok=1
Cmd: compileSnippet
  api=1 type=1 insize=10823 outsize=422 kw= pd= ok=1
Cmd: compileSnippet
  api=1 type=0 insize=10846 outsize=157 kw= pd= ok=1
Cmd: compileSnippet
  api=1 type=1 insize=10846 outsize=2809 kw= pd= ok=1
Cmd: compileSnippet
  api=1 type=0 insize=10801 outsize=157 kw= pd= ok=1
Cmd: compileSnippet
  api=1 type=1 insize=10801 outsize=2850 kw= pd= ok=1
Cmd: compileSnippet
  api=1 type=0 insize=33432 outsize=157 kw= pd= ok=1
Cmd: compileSnippet
  api=1 type=1 insize=33432 outsize=4072 kw= pd= ok=1
Cmd: compileSnippet
  api=1 type=0 insize=33441 outsize=157 kw= pd= ok=1
Cmd: compileSnippet
  api=1 type=1 insize=33441 outsize=4046 kw= pd= ok=1
Cmd: compileSnippet
  api=1 type=0 insize=3883 outsize=390 kw= pd= ok=1
Cmd: compileSnippet
  api=1 type=1 insize=3883 outsize=2838 kw= pd= ok=1
Cmd: compileSnippet
  api=1 type=0 insize=6975 outsize=281 kw= pd= ok=1
Cmd: compileSnippet
  api=1 type=1 insize=6975 outsize=1675 kw= pd= ok=1
Cmd: compileSnippet
  api=1 type=0 insize=4261 outsize=558 kw= pd= ok=1
Cmd: compileSnippet
  api=1 type=1 insize=4261 outsize=2455 kw= pd= ok=1
Cmd: compileSnippet
  api=1 type=0 insize=4266 outsize=558 kw= pd= ok=1
Cmd: compileSnippet
  api=1 type=1 insize=4266 outsize=2166 kw= pd= ok=1
